<?xml version="1.0" encoding="UTF-8"?>
<!-- Generated by org.testng.reporters.JUnitReportReporter -->
<testsuite hostname="Prashanth-REDE" failures="0" tests="3" name="com.testing.omeayo.TestOne" time="0.008" errors="0" timestamp="2021-12-14T15:22:04 IST" skipped="0">
  <testcase classname="com.testing.omeayo.TestOne" name="registration" time="0.006"/>
  <system-out/>
  <testcase classname="com.testing.omeayo.TestOne" name="login" time="0.001"/>
  <system-out/>
  <testcase classname="com.testing.omeayo.TestOne" name="logout" time="0.001"/>
  <system-out/>
</testsuite> <!-- com.testing.omeayo.TestOne -->
